{"/home/actrox/Documents/CodeOfAfrica/todos-nodeJS/src/controllers.js": {"path":"/home/actrox/Documents/CodeOfAfrica/todos-nodeJS/src/controllers.js","statementMap":{"0":{"start":{"line":1,"column":12},"end":{"line":1,"column":27}},"1":{"start":{"line":3,"column":16},"end":{"line":8,"column":1}},"2":{"start":{"line":4,"column":4},"end":{"line":6,"column":5}},"3":{"start":{"line":5,"column":8},"end":{"line":5,"column":68}},"4":{"start":{"line":7,"column":4},"end":{"line":7,"column":39}},"5":{"start":{"line":10,"column":19},"end":{"line":21,"column":1}},"6":{"start":{"line":11,"column":13},"end":{"line":11,"column":34}},"7":{"start":{"line":13,"column":23},"end":{"line":13,"column":59}},"8":{"start":{"line":13,"column":44},"end":{"line":13,"column":58}},"9":{"start":{"line":15,"column":4},"end":{"line":20,"column":5}},"10":{"start":{"line":16,"column":8},"end":{"line":16,"column":73}},"11":{"start":{"line":18,"column":18},"end":{"line":18,"column":54}},"12":{"start":{"line":18,"column":39},"end":{"line":18,"column":53}},"13":{"start":{"line":19,"column":8},"end":{"line":19,"column":59}},"14":{"start":{"line":23,"column":16},"end":{"line":40,"column":1}},"15":{"start":{"line":24,"column":17},"end":{"line":24,"column":25}},"16":{"start":{"line":25,"column":15},"end":{"line":25,"column":25}},"17":{"start":{"line":26,"column":4},"end":{"line":26,"column":81}},"18":{"start":{"line":28,"column":4},"end":{"line":30,"column":5}},"19":{"start":{"line":29,"column":8},"end":{"line":29,"column":78}},"20":{"start":{"line":31,"column":18},"end":{"line":37,"column":5}},"21":{"start":{"line":38,"column":4},"end":{"line":38,"column":23}},"22":{"start":{"line":39,"column":4},"end":{"line":39,"column":69}},"23":{"start":{"line":42,"column":18},"end":{"line":53,"column":1}},"24":{"start":{"line":43,"column":13},"end":{"line":43,"column":34}},"25":{"start":{"line":45,"column":23},"end":{"line":45,"column":59}},"26":{"start":{"line":45,"column":44},"end":{"line":45,"column":58}},"27":{"start":{"line":47,"column":4},"end":{"line":52,"column":5}},"28":{"start":{"line":48,"column":8},"end":{"line":48,"column":73}},"29":{"start":{"line":50,"column":8},"end":{"line":50,"column":55}},"30":{"start":{"line":50,"column":39},"end":{"line":50,"column":53}},"31":{"start":{"line":51,"column":5},"end":{"line":51,"column":82}},"32":{"start":{"line":55,"column":19},"end":{"line":71,"column":1}},"33":{"start":{"line":56,"column":15},"end":{"line":56,"column":36}},"34":{"start":{"line":57,"column":21},"end":{"line":57,"column":23}},"35":{"start":{"line":59,"column":16},"end":{"line":60,"column":27}},"36":{"start":{"line":60,"column":4},"end":{"line":60,"column":25}},"37":{"start":{"line":62,"column":2},"end":{"line":69,"column":3}},"38":{"start":{"line":63,"column":4},"end":{"line":63,"column":34}},"39":{"start":{"line":64,"column":4},"end":{"line":64,"column":55}},"40":{"start":{"line":64,"column":39},"end":{"line":64,"column":53}},"41":{"start":{"line":65,"column":4},"end":{"line":65,"column":50}},"42":{"start":{"line":65,"column":33},"end":{"line":65,"column":48}},"43":{"start":{"line":66,"column":4},"end":{"line":66,"column":73}},"44":{"start":{"line":68,"column":4},"end":{"line":68,"column":75}},"45":{"start":{"line":73,"column":16},"end":{"line":93,"column":1}},"46":{"start":{"line":74,"column":13},"end":{"line":74,"column":36}},"47":{"start":{"line":75,"column":19},"end":{"line":75,"column":27}},"48":{"start":{"line":76,"column":23},"end":{"line":76,"column":59}},"49":{"start":{"line":76,"column":44},"end":{"line":76,"column":58}},"50":{"start":{"line":78,"column":8},"end":{"line":92,"column":9}},"51":{"start":{"line":79,"column":12},"end":{"line":84,"column":15}},"52":{"start":{"line":80,"column":16},"end":{"line":82,"column":17}},"53":{"start":{"line":81,"column":20},"end":{"line":81,"column":37}},"54":{"start":{"line":83,"column":16},"end":{"line":83,"column":28}},"55":{"start":{"line":85,"column":12},"end":{"line":85,"column":82}},"56":{"start":{"line":86,"column":14},"end":{"line":92,"column":9}},"57":{"start":{"line":87,"column":12},"end":{"line":87,"column":81}},"58":{"start":{"line":90,"column":12},"end":{"line":90,"column":103}},"59":{"start":{"line":95,"column":20},"end":{"line":110,"column":1}},"60":{"start":{"line":96,"column":13},"end":{"line":96,"column":34}},"61":{"start":{"line":98,"column":23},"end":{"line":98,"column":59}},"62":{"start":{"line":98,"column":44},"end":{"line":98,"column":58}},"63":{"start":{"line":99,"column":4},"end":{"line":109,"column":5}},"64":{"start":{"line":100,"column":8},"end":{"line":100,"column":73}},"65":{"start":{"line":102,"column":8},"end":{"line":107,"column":10}},"66":{"start":{"line":103,"column":12},"end":{"line":105,"column":13}},"67":{"start":{"line":104,"column":15},"end":{"line":104,"column":49}},"68":{"start":{"line":106,"column":12},"end":{"line":106,"column":24}},"69":{"start":{"line":108,"column":8},"end":{"line":108,"column":80}},"70":{"start":{"line":112,"column":0},"end":{"line":112,"column":95}}},"fnMap":{"0":{"name":"(anonymous_0)","decl":{"start":{"line":3,"column":16},"end":{"line":3,"column":17}},"loc":{"start":{"line":3,"column":30},"end":{"line":8,"column":1}},"line":3},"1":{"name":"(anonymous_1)","decl":{"start":{"line":10,"column":19},"end":{"line":10,"column":20}},"loc":{"start":{"line":10,"column":33},"end":{"line":21,"column":1}},"line":10},"2":{"name":"(anonymous_2)","decl":{"start":{"line":13,"column":34},"end":{"line":13,"column":35}},"loc":{"start":{"line":13,"column":44},"end":{"line":13,"column":58}},"line":13},"3":{"name":"(anonymous_3)","decl":{"start":{"line":18,"column":31},"end":{"line":18,"column":32}},"loc":{"start":{"line":18,"column":39},"end":{"line":18,"column":53}},"line":18},"4":{"name":"(anonymous_4)","decl":{"start":{"line":23,"column":16},"end":{"line":23,"column":17}},"loc":{"start":{"line":23,"column":29},"end":{"line":40,"column":1}},"line":23},"5":{"name":"(anonymous_5)","decl":{"start":{"line":42,"column":18},"end":{"line":42,"column":19}},"loc":{"start":{"line":42,"column":32},"end":{"line":53,"column":1}},"line":42},"6":{"name":"(anonymous_6)","decl":{"start":{"line":45,"column":34},"end":{"line":45,"column":35}},"loc":{"start":{"line":45,"column":44},"end":{"line":45,"column":58}},"line":45},"7":{"name":"(anonymous_7)","decl":{"start":{"line":50,"column":29},"end":{"line":50,"column":30}},"loc":{"start":{"line":50,"column":39},"end":{"line":50,"column":53}},"line":50},"8":{"name":"(anonymous_8)","decl":{"start":{"line":55,"column":19},"end":{"line":55,"column":20}},"loc":{"start":{"line":55,"column":33},"end":{"line":71,"column":1}},"line":55},"9":{"name":"(anonymous_9)","decl":{"start":{"line":59,"column":32},"end":{"line":59,"column":33}},"loc":{"start":{"line":59,"column":42},"end":{"line":60,"column":26}},"line":59},"10":{"name":"(anonymous_10)","decl":{"start":{"line":64,"column":31},"end":{"line":64,"column":32}},"loc":{"start":{"line":64,"column":39},"end":{"line":64,"column":53}},"line":64},"11":{"name":"(anonymous_11)","decl":{"start":{"line":65,"column":25},"end":{"line":65,"column":26}},"loc":{"start":{"line":65,"column":33},"end":{"line":65,"column":48}},"line":65},"12":{"name":"(anonymous_12)","decl":{"start":{"line":73,"column":16},"end":{"line":73,"column":17}},"loc":{"start":{"line":73,"column":30},"end":{"line":93,"column":1}},"line":73},"13":{"name":"(anonymous_13)","decl":{"start":{"line":76,"column":34},"end":{"line":76,"column":35}},"loc":{"start":{"line":76,"column":44},"end":{"line":76,"column":58}},"line":76},"14":{"name":"(anonymous_14)","decl":{"start":{"line":79,"column":30},"end":{"line":79,"column":31}},"loc":{"start":{"line":79,"column":40},"end":{"line":84,"column":13}},"line":79},"15":{"name":"(anonymous_15)","decl":{"start":{"line":95,"column":20},"end":{"line":95,"column":21}},"loc":{"start":{"line":95,"column":34},"end":{"line":110,"column":1}},"line":95},"16":{"name":"(anonymous_16)","decl":{"start":{"line":98,"column":34},"end":{"line":98,"column":35}},"loc":{"start":{"line":98,"column":44},"end":{"line":98,"column":58}},"line":98},"17":{"name":"(anonymous_17)","decl":{"start":{"line":102,"column":18},"end":{"line":102,"column":19}},"loc":{"start":{"line":102,"column":28},"end":{"line":107,"column":9}},"line":102}},"branchMap":{"0":{"loc":{"start":{"line":4,"column":4},"end":{"line":6,"column":5}},"type":"if","locations":[{"start":{"line":4,"column":4},"end":{"line":6,"column":5}},{"start":{},"end":{}}],"line":4},"1":{"loc":{"start":{"line":15,"column":4},"end":{"line":20,"column":5}},"type":"if","locations":[{"start":{"line":15,"column":4},"end":{"line":20,"column":5}},{"start":{"line":17,"column":9},"end":{"line":20,"column":5}}],"line":15},"2":{"loc":{"start":{"line":28,"column":4},"end":{"line":30,"column":5}},"type":"if","locations":[{"start":{"line":28,"column":4},"end":{"line":30,"column":5}},{"start":{},"end":{}}],"line":28},"3":{"loc":{"start":{"line":47,"column":4},"end":{"line":52,"column":5}},"type":"if","locations":[{"start":{"line":47,"column":4},"end":{"line":52,"column":5}},{"start":{"line":49,"column":9},"end":{"line":52,"column":5}}],"line":47},"4":{"loc":{"start":{"line":62,"column":2},"end":{"line":69,"column":3}},"type":"if","locations":[{"start":{"line":62,"column":2},"end":{"line":69,"column":3}},{"start":{"line":67,"column":8},"end":{"line":69,"column":3}}],"line":62},"5":{"loc":{"start":{"line":78,"column":8},"end":{"line":92,"column":9}},"type":"if","locations":[{"start":{"line":78,"column":8},"end":{"line":92,"column":9}},{"start":{"line":86,"column":14},"end":{"line":92,"column":9}}],"line":78},"6":{"loc":{"start":{"line":78,"column":11},"end":{"line":78,"column":29}},"type":"binary-expr","locations":[{"start":{"line":78,"column":11},"end":{"line":78,"column":21}},{"start":{"line":78,"column":25},"end":{"line":78,"column":29}}],"line":78},"7":{"loc":{"start":{"line":80,"column":16},"end":{"line":82,"column":17}},"type":"if","locations":[{"start":{"line":80,"column":16},"end":{"line":82,"column":17}},{"start":{},"end":{}}],"line":80},"8":{"loc":{"start":{"line":86,"column":14},"end":{"line":92,"column":9}},"type":"if","locations":[{"start":{"line":86,"column":14},"end":{"line":92,"column":9}},{"start":{"line":89,"column":13},"end":{"line":92,"column":9}}],"line":86},"9":{"loc":{"start":{"line":86,"column":17},"end":{"line":86,"column":45}},"type":"binary-expr","locations":[{"start":{"line":86,"column":17},"end":{"line":86,"column":28}},{"start":{"line":86,"column":32},"end":{"line":86,"column":37}},{"start":{"line":86,"column":41},"end":{"line":86,"column":45}}],"line":86},"10":{"loc":{"start":{"line":99,"column":4},"end":{"line":109,"column":5}},"type":"if","locations":[{"start":{"line":99,"column":4},"end":{"line":109,"column":5}},{"start":{"line":101,"column":9},"end":{"line":109,"column":5}}],"line":99},"11":{"loc":{"start":{"line":103,"column":12},"end":{"line":105,"column":13}},"type":"if","locations":[{"start":{"line":103,"column":12},"end":{"line":105,"column":13}},{"start":{},"end":{}}],"line":103}},"s":{"0":1,"1":1,"2":1,"3":0,"4":1,"5":1,"6":1,"7":1,"8":1,"9":1,"10":0,"11":1,"12":4,"13":1,"14":1,"15":1,"16":1,"17":1,"18":1,"19":0,"20":1,"21":1,"22":1,"23":1,"24":0,"25":0,"26":0,"27":0,"28":0,"29":0,"30":0,"31":0,"32":1,"33":2,"34":2,"35":2,"36":4,"37":2,"38":1,"39":1,"40":4,"41":1,"42":4,"43":1,"44":1,"45":1,"46":3,"47":3,"48":3,"49":9,"50":3,"51":0,"52":0,"53":0,"54":0,"55":0,"56":3,"57":3,"58":0,"59":1,"60":0,"61":0,"62":0,"63":0,"64":0,"65":0,"66":0,"67":0,"68":0,"69":0,"70":1},"f":{"0":1,"1":1,"2":1,"3":4,"4":1,"5":0,"6":0,"7":0,"8":2,"9":4,"10":4,"11":4,"12":3,"13":9,"14":0,"15":0,"16":0,"17":0},"b":{"0":[0,1],"1":[0,1],"2":[0,1],"3":[0,0],"4":[1,1],"5":[0,3],"6":[3,0],"7":[0,0],"8":[3,0],"9":[3,3,2],"10":[0,0],"11":[0,0]},"_coverageSchema":"1a1c01bbd47fc00a2c39e90264f33305004495a9","hash":"e31e76de8c6fa5c283922bf791e282dc965147d1"}
,"/home/actrox/Documents/CodeOfAfrica/todos-nodeJS/src/db.js": {"path":"/home/actrox/Documents/CodeOfAfrica/todos-nodeJS/src/db.js","statementMap":{"0":{"start":{"line":1,"column":14},"end":{"line":17,"column":1}},"1":{"start":{"line":19,"column":0},"end":{"line":19,"column":23}}},"fnMap":{},"branchMap":{},"s":{"0":1,"1":1},"f":{},"b":{},"_coverageSchema":"1a1c01bbd47fc00a2c39e90264f33305004495a9","hash":"0753bacb3d6f33e59a6bdf99ef6a61ee10d5d574"}
,"/home/actrox/Documents/CodeOfAfrica/todos-nodeJS/src/index.js": {"path":"/home/actrox/Documents/CodeOfAfrica/todos-nodeJS/src/index.js","statementMap":{"0":{"start":{"line":1,"column":16},"end":{"line":1,"column":34}},"1":{"start":{"line":2,"column":0},"end":{"line":2,"column":27}},"2":{"start":{"line":3,"column":19},"end":{"line":3,"column":42}},"3":{"start":{"line":5,"column":12},"end":{"line":5,"column":21}},"4":{"start":{"line":6,"column":0},"end":{"line":6,"column":24}},"5":{"start":{"line":8,"column":14},"end":{"line":8,"column":38}},"6":{"start":{"line":10,"column":0},"end":{"line":12,"column":3}},"7":{"start":{"line":11,"column":2},"end":{"line":11,"column":62}},"8":{"start":{"line":14,"column":0},"end":{"line":14,"column":27}},"9":{"start":{"line":16,"column":0},"end":{"line":18,"column":2}},"10":{"start":{"line":17,"column":2},"end":{"line":17,"column":54}},"11":{"start":{"line":20,"column":0},"end":{"line":20,"column":21}}},"fnMap":{"0":{"name":"(anonymous_0)","decl":{"start":{"line":10,"column":13},"end":{"line":10,"column":14}},"loc":{"start":{"line":10,"column":27},"end":{"line":12,"column":1}},"line":10},"1":{"name":"(anonymous_1)","decl":{"start":{"line":16,"column":17},"end":{"line":16,"column":18}},"loc":{"start":{"line":16,"column":31},"end":{"line":18,"column":1}},"line":16}},"branchMap":{"0":{"loc":{"start":{"line":8,"column":14},"end":{"line":8,"column":38}},"type":"binary-expr","locations":[{"start":{"line":8,"column":14},"end":{"line":8,"column":30}},{"start":{"line":8,"column":34},"end":{"line":8,"column":38}}],"line":8}},"s":{"0":1,"1":1,"2":1,"3":1,"4":1,"5":1,"6":1,"7":1,"8":1,"9":1,"10":1,"11":1},"f":{"0":1,"1":1},"b":{"0":[1,0]},"_coverageSchema":"1a1c01bbd47fc00a2c39e90264f33305004495a9","hash":"e0c80be24000394b2e64ccc17915a6ba52a5796c"}
,"/home/actrox/Documents/CodeOfAfrica/todos-nodeJS/src/todoRoutes.js": {"path":"/home/actrox/Documents/CodeOfAfrica/todos-nodeJS/src/todoRoutes.js","statementMap":{"0":{"start":{"line":1,"column":19},"end":{"line":1,"column":37}},"1":{"start":{"line":2,"column":86},"end":{"line":2,"column":110}},"2":{"start":{"line":4,"column":15},"end":{"line":4,"column":23}},"3":{"start":{"line":6,"column":0},"end":{"line":6,"column":33}},"4":{"start":{"line":7,"column":0},"end":{"line":7,"column":39}},"5":{"start":{"line":8,"column":0},"end":{"line":8,"column":34}},"6":{"start":{"line":10,"column":0},"end":{"line":10,"column":44}},"7":{"start":{"line":11,"column":0},"end":{"line":11,"column":40}},"8":{"start":{"line":12,"column":0},"end":{"line":12,"column":45}},"9":{"start":{"line":14,"column":0},"end":{"line":14,"column":23}}},"fnMap":{},"branchMap":{},"s":{"0":1,"1":1,"2":1,"3":1,"4":1,"5":1,"6":1,"7":1,"8":1,"9":1},"f":{},"b":{},"_coverageSchema":"1a1c01bbd47fc00a2c39e90264f33305004495a9","hash":"cc5b190b7503231a7a966f186b6ffbc26c586895"}
}
