TN:
SF:src/controllers.js
FN:3,(anonymous_0)
FN:10,(anonymous_1)
FN:13,(anonymous_2)
FN:18,(anonymous_3)
FN:23,(anonymous_4)
FN:42,(anonymous_5)
FN:45,(anonymous_6)
FN:50,(anonymous_7)
FN:55,(anonymous_8)
FN:59,(anonymous_9)
FN:64,(anonymous_10)
FN:65,(anonymous_11)
FN:73,(anonymous_12)
FN:76,(anonymous_13)
FN:79,(anonymous_14)
FN:95,(anonymous_15)
FN:98,(anonymous_16)
FN:102,(anonymous_17)
FNF:18
FNH:11
FNDA:1,(anonymous_0)
FNDA:1,(anonymous_1)
FNDA:1,(anonymous_2)
FNDA:4,(anonymous_3)
FNDA:1,(anonymous_4)
FNDA:0,(anonymous_5)
FNDA:0,(anonymous_6)
FNDA:0,(anonymous_7)
FNDA:2,(anonymous_8)
FNDA:4,(anonymous_9)
FNDA:4,(anonymous_10)
FNDA:4,(anonymous_11)
FNDA:3,(anonymous_12)
FNDA:9,(anonymous_13)
FNDA:0,(anonymous_14)
FNDA:0,(anonymous_15)
FNDA:0,(anonymous_16)
FNDA:0,(anonymous_17)
DA:1,1
DA:3,1
DA:4,1
DA:5,0
DA:7,1
DA:10,1
DA:11,1
DA:13,1
DA:15,1
DA:16,0
DA:18,4
DA:19,1
DA:23,1
DA:24,1
DA:25,1
DA:26,1
DA:28,1
DA:29,0
DA:31,1
DA:38,1
DA:39,1
DA:42,1
DA:43,0
DA:45,0
DA:47,0
DA:48,0
DA:50,0
DA:51,0
DA:55,1
DA:56,2
DA:57,2
DA:59,2
DA:60,4
DA:62,2
DA:63,1
DA:64,4
DA:65,4
DA:66,1
DA:68,1
DA:73,1
DA:74,3
DA:75,3
DA:76,9
DA:78,3
DA:79,0
DA:80,0
DA:81,0
DA:83,0
DA:85,0
DA:86,3
DA:87,3
DA:90,0
DA:95,1
DA:96,0
DA:98,0
DA:99,0
DA:100,0
DA:102,0
DA:103,0
DA:104,0
DA:106,0
DA:108,0
DA:112,1
LF:63
LH:39
BRDA:4,0,0,0
BRDA:4,0,1,1
BRDA:15,1,0,0
BRDA:15,1,1,1
BRDA:28,2,0,0
BRDA:28,2,1,1
BRDA:47,3,0,0
BRDA:47,3,1,0
BRDA:62,4,0,1
BRDA:62,4,1,1
BRDA:78,5,0,0
BRDA:78,5,1,3
BRDA:78,6,0,3
BRDA:78,6,1,0
BRDA:80,7,0,0
BRDA:80,7,1,0
BRDA:86,8,0,3
BRDA:86,8,1,0
BRDA:86,9,0,3
BRDA:86,9,1,3
BRDA:86,9,2,2
BRDA:99,10,0,0
BRDA:99,10,1,0
BRDA:103,11,0,0
BRDA:103,11,1,0
BRF:25
BRH:11
end_of_record
TN:
SF:src/db.js
FNF:0
FNH:0
DA:1,1
DA:19,1
LF:2
LH:2
BRF:0
BRH:0
end_of_record
TN:
SF:src/index.js
FN:10,(anonymous_0)
FN:16,(anonymous_1)
FNF:2
FNH:2
FNDA:1,(anonymous_0)
FNDA:1,(anonymous_1)
DA:1,1
DA:2,1
DA:3,1
DA:5,1
DA:6,1
DA:8,1
DA:10,1
DA:11,1
DA:14,1
DA:16,1
DA:17,1
DA:20,1
LF:12
LH:12
BRDA:8,0,0,1
BRDA:8,0,1,0
BRF:2
BRH:1
end_of_record
TN:
SF:src/todoRoutes.js
FNF:0
FNH:0
DA:1,1
DA:2,1
DA:4,1
DA:6,1
DA:7,1
DA:8,1
DA:10,1
DA:11,1
DA:12,1
DA:14,1
LF:10
LH:10
BRF:0
BRH:0
end_of_record
